<?xml version="1.0" encoding="UTF-8"?>
<testsuite xmlns:xsi="http://www.w3.org/2001/XMLSchema-instance" xsi:noNamespaceSchemaLocation="https://maven.apache.org/surefire/maven-surefire-plugin/xsd/surefire-test-report-3.0.xsd" version="3.0" name="com.datastructures.leetcode.MedianFinderTest" time="0.007" tests="7" errors="0" skipped="0" failures="0">
  <properties>
[...]
</properties>
  <testcase name="testMedianFinderAscendingOrder" classname="com.datastructures.leetcode.MedianFinderTest" time="0.003"/>
  <testcase name="testMedianFinderEmptyAndSingle" classname="com.datastructures.leetcode.MedianFinderTest" time="0"/>
  <testcase name="testMedianFinderDescendingOrder" classname="com.datastructures.leetcode.MedianFinderTest" time="0"/>
  <testcase name="testMedianFinderUnsortedStream" classname="com.datastructures.leetcode.MedianFinderTest" time="0.001"/>
  <testcase name="testMedianFinderWithDuplicates" classname="com.datastructures.leetcode.MedianFinderTest" time="0"/>
  <testcase name="testMedianFinderExample1" classname="com.datastructures.leetcode.MedianFinderTest" time="0"/>
  <testcase name="testMedianFinderNegativeNumbers" classname="com.datastructures.leetcode.MedianFinderTest" time="0.001"/>
</testsuite>